{
  "RSpec": {
    "coverage": {
      "/app/app/controllers/users_controller.rb": [
        1,
        null,
        1,
        2,
        null,
        null,
        1,
        null,
        1,
        2,
        null,
        null,
        null,
        null,
        null,
        2,
        2,
        null,
        null
      ],
      "/app/app/controllers/application_controller.rb": [
        1,
        null
      ],
      "/app/spec/features/user/creating_users_spec.rb": [
        1,
        null,
        1,
        1,
        1,
        1,
        null,
        null,
        1,
        1,
        1,
        1,
        1,
        1,
        null,
        null
      ],
      "/app/spec/interactors/place_user_creator_spec.rb": [
        1,
        1,
        1,
        1,
        null,
        null,
        null,
        null,
        null,
        1,
        1,
        1,
        1,
        1,
        1,
        null,
        null,
        null,
        null
      ],
      "/app/app/interactors/place_user_creator.rb": [
        1,
        1,
        1,
        null
      ],
      "/app/app/interactors/user_validator.rb": [
        1,
        1,
        null,
        1,
        null,
        1,
        1,
        null,
        1,
        null,
        1,
        2,
        2,
        2,
        2,
        1,
        null,
        1,
        null,
        null,
        null,
        1,
        2,
        null,
        null,
        1,
        null,
        1,
        2,
        2,
        2,
        26,
        null,
        null,
        1,
        24,
        null,
        null,
        1,
        2,
        2,
        null,
        null,
        null,
        1,
        2,
        null,
        null,
        1,
        24,
        null,
        null,
        1,
        23,
        null,
        null,
        1,
        0,
        null,
        null
      ],
      "/app/app/interactors/user_creator.rb": [
        1,
        1,
        null,
        1,
        1,
        1,
        null,
        null,
        null,
        null,
        null,
        null,
        1,
        null,
        null
      ],
      "/app/spec/interactors/user_creator_spec.rb": [
        1,
        null,
        1,
        1,
        1,
        null,
        null,
        null,
        null,
        null,
        null,
        1,
        1,
        1,
        null,
        1,
        1,
        1,
        null,
        1,
        1,
        1,
        null,
        null,
        null,
        null
      ],
      "/app/spec/interactors/user_validator_spec.rb": [
        1,
        null,
        1,
        1,
        2,
        null,
        null,
        null,
        null,
        null,
        null,
        1,
        2,
        null,
        null,
        null,
        null,
        null,
        null,
        1,
        1,
        1,
        1,
        1,
        null,
        null,
        1,
        1,
        1,
        1,
        null,
        null,
        null,
        null
      ],
      "/app/spec/interactors/users_list_spec.rb": [
        1,
        null,
        1,
        1,
        2,
        null,
        null,
        null,
        null,
        null,
        null,
        1,
        2,
        null,
        null,
        null,
        null,
        null,
        null,
        1,
        1,
        1,
        null,
        1,
        1,
        1,
        null,
        1,
        1,
        1,
        null,
        null,
        1,
        1,
        1,
        1,
        1,
        null,
        1,
        1,
        1,
        1,
        null,
        null,
        null,
        null
      ],
      "/app/app/interactors/users_list.rb": [
        1,
        null,
        1,
        null,
        1,
        null,
        1,
        1,
        null,
        1,
        8,
        8,
        8,
        8,
        6,
        6,
        6,
        6,
        6,
        6,
        null,
        2,
        0,
        null,
        null,
        null
      ],
      "/app/spec/lib/req_res_client_spec.rb": [
        1,
        null,
        1,
        1,
        2,
        null,
        null,
        null,
        null,
        null,
        1,
        1,
        1,
        1,
        1,
        null,
        null,
        null,
        null,
        1,
        1,
        1,
        1,
        1,
        1,
        1,
        null,
        null,
        null,
        null
      ],
      "/app/lib/req_res_client.rb": [
        1,
        1,
        null,
        1,
        1,
        null,
        1,
        7,
        null,
        7,
        0,
        null,
        null,
        1,
        1,
        1,
        null,
        null,
        1,
        1,
        0,
        0,
        null,
        null,
        1,
        null,
        1,
        8,
        null,
        null
      ],
      "/app/spec/workers/user_worker_spec.rb": [
        1,
        null,
        1,
        1,
        2,
        null,
        null,
        null,
        null,
        null,
        1,
        1,
        1,
        2,
        2,
        null,
        null,
        1,
        1,
        1,
        1,
        1,
        1,
        null,
        null,
        null,
        null
      ],
      "/app/app/workers/user_worker.rb": [
        1,
        1,
        1,
        null,
        null,
        1,
        1,
        1,
        null,
        null
      ],
      "/app/db/seeds.rb": [
        null,
        null,
        null,
        null,
        null,
        null,
        null
      ],
      "/app/lib/connection_api.rb": [
        1,
        1,
        null,
        1,
        null,
        1,
        null,
        1,
        8,
        null,
        null,
        1,
        8,
        null,
        null,
        1,
        null,
        1,
        8,
        8,
        8,
        8,
        null,
        null,
        null
      ],
      "/app/lib/base_application_lib.rb": [
        1,
        1,
        8,
        null,
        null
      ]
    },
    "timestamp": 1579480519
  }
}
